<?xml version="1.0" encoding="UTF-8"?>
<testng-results ignored="0" total="1" passed="1" failed="0" skipped="0">
  <reporter-output>
  </reporter-output>
  <suite started-at="2022-05-17T11:31:06 IST" name="Default suite" finished-at="2022-05-17T11:31:16 IST" duration-ms="10338">
    <groups>
    </groups>
    <test started-at="2022-05-17T11:31:06 IST" name="Default test" finished-at="2022-05-17T11:31:16 IST" duration-ms="10338">
      <class name="Demoproject.homeTest">
        <test-method signature="home_data()[pri:0, instance:Demoproject.homeTest@7e7be63f]" started-at="2022-05-17T11:31:06 IST" name="home_data" finished-at="2022-05-17T11:31:16 IST" duration-ms="10259" status="PASS">
          <reporter-output>
          </reporter-output>
        </test-method> <!-- home_data -->
      </class> <!-- Demoproject.homeTest -->
    </test> <!-- Default test -->
  </suite> <!-- Default suite -->
</testng-results>
